<?xml version="1.0" encoding="UTF-8"?>
<!-- Generated by org.testng.reporters.JUnitXMLReporter -->
<testsuite ignored="0" hostname="HAMEED" failures="0" tests="5" name="Luma Home Page Test_chrome" time="53.295" errors="0" timestamp="2024-02-05T14:26:20 IST">
  <testcase classname="com.qa.luma.tests.HomePageTest" name="homePageTitleTest" time="0.029"/>
  <testcase classname="com.qa.luma.tests.HomePageTest" name="homePageURLTest" time="0.008"/>
  <testcase classname="com.qa.luma.tests.HomePageTest" name="searchTest" time="12.269"/>
  <testcase classname="com.qa.luma.tests.HomePageTest" name="searchTest" time="11.115"/>
  <testcase classname="com.qa.luma.tests.HomePageTest" name="searchTest" time="11.917"/>
</testsuite> <!-- Luma Home Page Test_chrome -->
