<?xml version="1.0" encoding="UTF-8"?>
<!-- Generated by org.testng.reporters.JUnitXMLReporter -->
<testsuite ignored="0" hostname="HAMEED" failures="3" tests="5" name="Luma Home Page Test_chrome" time="128.101" errors="0" timestamp="2024-01-19T14:12:20 IST">
  <testcase classname="com.qa.luma.tests.HomePageTest" name="homePageTitleTest" time="0.043"/>
  <testcase classname="com.qa.luma.tests.HomePageTest" name="homePageURLTest" time="0.002"/>
  <testcase classname="com.qa.luma.tests.HomePageTest" name="searchTest" time="35.018">
    <failure type="com.microsoft.playwright.TimeoutError" message="Error {
  message=&amp;apos;Timeout 30000ms exceeded.
  name=&amp;apos;TimeoutError
  stack=&amp;apos;TimeoutError: Timeout 30000ms exceeded.
    at ProgressController.run (C:\Users\sbasi\AppData\Local\Temp\playwright-java-13637873755116915957\package\lib\server\progress.js:87:26)
    at Frame.fill (C:\Users\sbasi\AppData\Local\Temp\playwright-java-13637873755116915957\package\lib\server\frames.js:1039:23)
    at FrameDispatcher.fill (C:\Users\sbasi\AppData\Local\Temp\playwright-java-13637873755116915957\package\lib\server\dispatchers\frameDispatcher.js:164:30)
    at FrameDispatcher._handleCommand (C:\Users\sbasi\AppData\Local\Temp\playwright-java-13637873755116915957\package\lib\server\dispatchers\dispatcher.js:84:40)
    at DispatcherConnection.dispatch (C:\Users\sbasi\AppData\Local\Temp\playwright-java-13637873755116915957\package\lib\server\dispatchers\dispatcher.js:351:39)
}
Call log:
- waiting for locator(&amp;quot;input[name=&amp;apos;search&amp;apos;]&amp;quot;)
">
      <![CDATA[com.microsoft.playwright.TimeoutError: Error {
  message='Timeout 30000ms exceeded.
  name='TimeoutError
  stack='TimeoutError: Timeout 30000ms exceeded.
    at ProgressController.run (C:\Users\sbasi\AppData\Local\Temp\playwright-java-13637873755116915957\package\lib\server\progress.js:87:26)
    at Frame.fill (C:\Users\sbasi\AppData\Local\Temp\playwright-java-13637873755116915957\package\lib\server\frames.js:1039:23)
    at FrameDispatcher.fill (C:\Users\sbasi\AppData\Local\Temp\playwright-java-13637873755116915957\package\lib\server\dispatchers\frameDispatcher.js:164:30)
    at FrameDispatcher._handleCommand (C:\Users\sbasi\AppData\Local\Temp\playwright-java-13637873755116915957\package\lib\server\dispatchers\dispatcher.js:84:40)
    at DispatcherConnection.dispatch (C:\Users\sbasi\AppData\Local\Temp\playwright-java-13637873755116915957\package\lib\server\dispatchers\dispatcher.js:351:39)
}
Call log:
- waiting for locator("input[name='search']")

at com.microsoft.playwright.impl.WaitableResult.get(WaitableResult.java:52)
at com.microsoft.playwright.impl.ChannelOwner.runUntil(ChannelOwner.java:120)
at com.microsoft.playwright.impl.Connection.sendMessage(Connection.java:129)
at com.microsoft.playwright.impl.ChannelOwner.sendMessage(ChannelOwner.java:106)
at com.microsoft.playwright.impl.FrameImpl.fillImpl(FrameImpl.java:335)
at com.microsoft.playwright.impl.PageImpl.lambda$fill$27(PageImpl.java:665)
at com.microsoft.playwright.impl.LoggingSupport.lambda$withLogging$0(LoggingSupport.java:36)
at com.microsoft.playwright.impl.LoggingSupport.withLogging(LoggingSupport.java:47)
at com.microsoft.playwright.impl.ChannelOwner.withLogging(ChannelOwner.java:89)
at com.microsoft.playwright.impl.LoggingSupport.withLogging(LoggingSupport.java:35)
at com.microsoft.playwright.impl.PageImpl.fill(PageImpl.java:664)
at com.microsoft.playwright.Page.fill(Page.java:4568)
at com.qa.luma.pages.HomePage.doSearch(HomePage.java:36)
at com.qa.luma.tests.HomePageTest.searchTest(HomePageTest.java:36)
at java.base/jdk.internal.reflect.NativeMethodAccessorImpl.invoke0(Native Method)
at java.base/jdk.internal.reflect.NativeMethodAccessorImpl.invoke(NativeMethodAccessorImpl.java:77)
at java.base/jdk.internal.reflect.DelegatingMethodAccessorImpl.invoke(DelegatingMethodAccessorImpl.java:43)
at java.base/java.lang.reflect.Method.invoke(Method.java:568)
at org.testng.internal.invokers.MethodInvocationHelper.invokeMethod(MethodInvocationHelper.java:139)
at org.testng.internal.invokers.TestInvoker.invokeMethod(TestInvoker.java:664)
at org.testng.internal.invokers.TestInvoker.invokeTestMethod(TestInvoker.java:227)
at org.testng.internal.invokers.MethodRunner.runInSequence(MethodRunner.java:50)
at org.testng.internal.invokers.TestInvoker$MethodInvocationAgent.invoke(TestInvoker.java:957)
at org.testng.internal.invokers.TestInvoker.invokeTestMethods(TestInvoker.java:200)
at org.testng.internal.invokers.TestMethodWorker.invokeTestMethods(TestMethodWorker.java:148)
at org.testng.internal.invokers.TestMethodWorker.run(TestMethodWorker.java:128)
at java.base/java.util.ArrayList.forEach(ArrayList.java:1511)
at org.testng.TestRunner.privateRun(TestRunner.java:848)
at org.testng.TestRunner.run(TestRunner.java:621)
at org.testng.SuiteRunner.runTest(SuiteRunner.java:443)
at org.testng.SuiteRunner$SuiteWorker.run(SuiteRunner.java:481)
at org.testng.internal.thread.ThreadUtil.lambda$execute$0(ThreadUtil.java:58)
at java.base/java.util.concurrent.FutureTask.run(FutureTask.java:264)
at java.base/java.util.concurrent.ThreadPoolExecutor.runWorker(ThreadPoolExecutor.java:1136)
at java.base/java.util.concurrent.ThreadPoolExecutor$Worker.run(ThreadPoolExecutor.java:635)
at java.base/java.lang.Thread.run(Thread.java:833)
Caused by: com.microsoft.playwright.TimeoutError: Error {
  message='Timeout 30000ms exceeded.
  name='TimeoutError
  stack='TimeoutError: Timeout 30000ms exceeded.
    at ProgressController.run (C:\Users\sbasi\AppData\Local\Temp\playwright-java-13637873755116915957\package\lib\server\progress.js:87:26)
    at Frame.fill (C:\Users\sbasi\AppData\Local\Temp\playwright-java-13637873755116915957\package\lib\server\frames.js:1039:23)
    at FrameDispatcher.fill (C:\Users\sbasi\AppData\Local\Temp\playwright-java-13637873755116915957\package\lib\server\dispatchers\frameDispatcher.js:164:30)
    at FrameDispatcher._handleCommand (C:\Users\sbasi\AppData\Local\Temp\playwright-java-13637873755116915957\package\lib\server\dispatchers\dispatcher.js:84:40)
    at DispatcherConnection.dispatch (C:\Users\sbasi\AppData\Local\Temp\playwright-java-13637873755116915957\package\lib\server\dispatchers\dispatcher.js:351:39)
}
Call log:
- waiting for locator("input[name='search']")

at com.microsoft.playwright.impl.Connection.dispatch(Connection.java:252)
at com.microsoft.playwright.impl.Connection.processOneMessage(Connection.java:209)
at com.microsoft.playwright.impl.ChannelOwner.runUntil(ChannelOwner.java:118)
... 34 more
]]>
    </failure>
  </testcase> <!-- searchTest -->
  <testcase classname="com.qa.luma.tests.HomePageTest" name="searchTest" time="35.022">
    <failure type="com.microsoft.playwright.TimeoutError" message="Error {
  message=&amp;apos;Timeout 30000ms exceeded.
  name=&amp;apos;TimeoutError
  stack=&amp;apos;TimeoutError: Timeout 30000ms exceeded.
    at ProgressController.run (C:\Users\sbasi\AppData\Local\Temp\playwright-java-13637873755116915957\package\lib\server\progress.js:87:26)
    at Frame.fill (C:\Users\sbasi\AppData\Local\Temp\playwright-java-13637873755116915957\package\lib\server\frames.js:1039:23)
    at FrameDispatcher.fill (C:\Users\sbasi\AppData\Local\Temp\playwright-java-13637873755116915957\package\lib\server\dispatchers\frameDispatcher.js:164:30)
    at FrameDispatcher._handleCommand (C:\Users\sbasi\AppData\Local\Temp\playwright-java-13637873755116915957\package\lib\server\dispatchers\dispatcher.js:84:40)
    at DispatcherConnection.dispatch (C:\Users\sbasi\AppData\Local\Temp\playwright-java-13637873755116915957\package\lib\server\dispatchers\dispatcher.js:351:39)
}
Call log:
- waiting for locator(&amp;quot;input[name=&amp;apos;search&amp;apos;]&amp;quot;)
">
      <![CDATA[com.microsoft.playwright.TimeoutError: Error {
  message='Timeout 30000ms exceeded.
  name='TimeoutError
  stack='TimeoutError: Timeout 30000ms exceeded.
    at ProgressController.run (C:\Users\sbasi\AppData\Local\Temp\playwright-java-13637873755116915957\package\lib\server\progress.js:87:26)
    at Frame.fill (C:\Users\sbasi\AppData\Local\Temp\playwright-java-13637873755116915957\package\lib\server\frames.js:1039:23)
    at FrameDispatcher.fill (C:\Users\sbasi\AppData\Local\Temp\playwright-java-13637873755116915957\package\lib\server\dispatchers\frameDispatcher.js:164:30)
    at FrameDispatcher._handleCommand (C:\Users\sbasi\AppData\Local\Temp\playwright-java-13637873755116915957\package\lib\server\dispatchers\dispatcher.js:84:40)
    at DispatcherConnection.dispatch (C:\Users\sbasi\AppData\Local\Temp\playwright-java-13637873755116915957\package\lib\server\dispatchers\dispatcher.js:351:39)
}
Call log:
- waiting for locator("input[name='search']")

at com.microsoft.playwright.impl.WaitableResult.get(WaitableResult.java:52)
at com.microsoft.playwright.impl.ChannelOwner.runUntil(ChannelOwner.java:120)
at com.microsoft.playwright.impl.Connection.sendMessage(Connection.java:129)
at com.microsoft.playwright.impl.ChannelOwner.sendMessage(ChannelOwner.java:106)
at com.microsoft.playwright.impl.FrameImpl.fillImpl(FrameImpl.java:335)
at com.microsoft.playwright.impl.PageImpl.lambda$fill$27(PageImpl.java:665)
at com.microsoft.playwright.impl.LoggingSupport.lambda$withLogging$0(LoggingSupport.java:36)
at com.microsoft.playwright.impl.LoggingSupport.withLogging(LoggingSupport.java:47)
at com.microsoft.playwright.impl.ChannelOwner.withLogging(ChannelOwner.java:89)
at com.microsoft.playwright.impl.LoggingSupport.withLogging(LoggingSupport.java:35)
at com.microsoft.playwright.impl.PageImpl.fill(PageImpl.java:664)
at com.microsoft.playwright.Page.fill(Page.java:4568)
at com.qa.luma.pages.HomePage.doSearch(HomePage.java:36)
at com.qa.luma.tests.HomePageTest.searchTest(HomePageTest.java:36)
at java.base/jdk.internal.reflect.NativeMethodAccessorImpl.invoke0(Native Method)
at java.base/jdk.internal.reflect.NativeMethodAccessorImpl.invoke(NativeMethodAccessorImpl.java:77)
at java.base/jdk.internal.reflect.DelegatingMethodAccessorImpl.invoke(DelegatingMethodAccessorImpl.java:43)
at java.base/java.lang.reflect.Method.invoke(Method.java:568)
at org.testng.internal.invokers.MethodInvocationHelper.invokeMethod(MethodInvocationHelper.java:139)
at org.testng.internal.invokers.TestInvoker.invokeMethod(TestInvoker.java:664)
at org.testng.internal.invokers.TestInvoker.invokeTestMethod(TestInvoker.java:227)
at org.testng.internal.invokers.MethodRunner.runInSequence(MethodRunner.java:50)
at org.testng.internal.invokers.TestInvoker$MethodInvocationAgent.invoke(TestInvoker.java:957)
at org.testng.internal.invokers.TestInvoker.invokeTestMethods(TestInvoker.java:200)
at org.testng.internal.invokers.TestMethodWorker.invokeTestMethods(TestMethodWorker.java:148)
at org.testng.internal.invokers.TestMethodWorker.run(TestMethodWorker.java:128)
at java.base/java.util.ArrayList.forEach(ArrayList.java:1511)
at org.testng.TestRunner.privateRun(TestRunner.java:848)
at org.testng.TestRunner.run(TestRunner.java:621)
at org.testng.SuiteRunner.runTest(SuiteRunner.java:443)
at org.testng.SuiteRunner$SuiteWorker.run(SuiteRunner.java:481)
at org.testng.internal.thread.ThreadUtil.lambda$execute$0(ThreadUtil.java:58)
at java.base/java.util.concurrent.FutureTask.run(FutureTask.java:264)
at java.base/java.util.concurrent.ThreadPoolExecutor.runWorker(ThreadPoolExecutor.java:1136)
at java.base/java.util.concurrent.ThreadPoolExecutor$Worker.run(ThreadPoolExecutor.java:635)
at java.base/java.lang.Thread.run(Thread.java:833)
Caused by: com.microsoft.playwright.TimeoutError: Error {
  message='Timeout 30000ms exceeded.
  name='TimeoutError
  stack='TimeoutError: Timeout 30000ms exceeded.
    at ProgressController.run (C:\Users\sbasi\AppData\Local\Temp\playwright-java-13637873755116915957\package\lib\server\progress.js:87:26)
    at Frame.fill (C:\Users\sbasi\AppData\Local\Temp\playwright-java-13637873755116915957\package\lib\server\frames.js:1039:23)
    at FrameDispatcher.fill (C:\Users\sbasi\AppData\Local\Temp\playwright-java-13637873755116915957\package\lib\server\dispatchers\frameDispatcher.js:164:30)
    at FrameDispatcher._handleCommand (C:\Users\sbasi\AppData\Local\Temp\playwright-java-13637873755116915957\package\lib\server\dispatchers\dispatcher.js:84:40)
    at DispatcherConnection.dispatch (C:\Users\sbasi\AppData\Local\Temp\playwright-java-13637873755116915957\package\lib\server\dispatchers\dispatcher.js:351:39)
}
Call log:
- waiting for locator("input[name='search']")

at com.microsoft.playwright.impl.Connection.dispatch(Connection.java:252)
at com.microsoft.playwright.impl.Connection.processOneMessage(Connection.java:209)
at com.microsoft.playwright.impl.ChannelOwner.runUntil(ChannelOwner.java:118)
... 34 more
]]>
    </failure>
  </testcase> <!-- searchTest -->
  <testcase classname="com.qa.luma.tests.HomePageTest" name="searchTest" time="35.023">
    <failure type="com.microsoft.playwright.TimeoutError" message="Error {
  message=&amp;apos;Timeout 30000ms exceeded.
  name=&amp;apos;TimeoutError
  stack=&amp;apos;TimeoutError: Timeout 30000ms exceeded.
    at ProgressController.run (C:\Users\sbasi\AppData\Local\Temp\playwright-java-13637873755116915957\package\lib\server\progress.js:87:26)
    at Frame.fill (C:\Users\sbasi\AppData\Local\Temp\playwright-java-13637873755116915957\package\lib\server\frames.js:1039:23)
    at FrameDispatcher.fill (C:\Users\sbasi\AppData\Local\Temp\playwright-java-13637873755116915957\package\lib\server\dispatchers\frameDispatcher.js:164:30)
    at FrameDispatcher._handleCommand (C:\Users\sbasi\AppData\Local\Temp\playwright-java-13637873755116915957\package\lib\server\dispatchers\dispatcher.js:84:40)
    at DispatcherConnection.dispatch (C:\Users\sbasi\AppData\Local\Temp\playwright-java-13637873755116915957\package\lib\server\dispatchers\dispatcher.js:351:39)
}
Call log:
- waiting for locator(&amp;quot;input[name=&amp;apos;search&amp;apos;]&amp;quot;)
">
      <![CDATA[com.microsoft.playwright.TimeoutError: Error {
  message='Timeout 30000ms exceeded.
  name='TimeoutError
  stack='TimeoutError: Timeout 30000ms exceeded.
    at ProgressController.run (C:\Users\sbasi\AppData\Local\Temp\playwright-java-13637873755116915957\package\lib\server\progress.js:87:26)
    at Frame.fill (C:\Users\sbasi\AppData\Local\Temp\playwright-java-13637873755116915957\package\lib\server\frames.js:1039:23)
    at FrameDispatcher.fill (C:\Users\sbasi\AppData\Local\Temp\playwright-java-13637873755116915957\package\lib\server\dispatchers\frameDispatcher.js:164:30)
    at FrameDispatcher._handleCommand (C:\Users\sbasi\AppData\Local\Temp\playwright-java-13637873755116915957\package\lib\server\dispatchers\dispatcher.js:84:40)
    at DispatcherConnection.dispatch (C:\Users\sbasi\AppData\Local\Temp\playwright-java-13637873755116915957\package\lib\server\dispatchers\dispatcher.js:351:39)
}
Call log:
- waiting for locator("input[name='search']")

at com.microsoft.playwright.impl.WaitableResult.get(WaitableResult.java:52)
at com.microsoft.playwright.impl.ChannelOwner.runUntil(ChannelOwner.java:120)
at com.microsoft.playwright.impl.Connection.sendMessage(Connection.java:129)
at com.microsoft.playwright.impl.ChannelOwner.sendMessage(ChannelOwner.java:106)
at com.microsoft.playwright.impl.FrameImpl.fillImpl(FrameImpl.java:335)
at com.microsoft.playwright.impl.PageImpl.lambda$fill$27(PageImpl.java:665)
at com.microsoft.playwright.impl.LoggingSupport.lambda$withLogging$0(LoggingSupport.java:36)
at com.microsoft.playwright.impl.LoggingSupport.withLogging(LoggingSupport.java:47)
at com.microsoft.playwright.impl.ChannelOwner.withLogging(ChannelOwner.java:89)
at com.microsoft.playwright.impl.LoggingSupport.withLogging(LoggingSupport.java:35)
at com.microsoft.playwright.impl.PageImpl.fill(PageImpl.java:664)
at com.microsoft.playwright.Page.fill(Page.java:4568)
at com.qa.luma.pages.HomePage.doSearch(HomePage.java:36)
at com.qa.luma.tests.HomePageTest.searchTest(HomePageTest.java:36)
at java.base/jdk.internal.reflect.NativeMethodAccessorImpl.invoke0(Native Method)
at java.base/jdk.internal.reflect.NativeMethodAccessorImpl.invoke(NativeMethodAccessorImpl.java:77)
at java.base/jdk.internal.reflect.DelegatingMethodAccessorImpl.invoke(DelegatingMethodAccessorImpl.java:43)
at java.base/java.lang.reflect.Method.invoke(Method.java:568)
at org.testng.internal.invokers.MethodInvocationHelper.invokeMethod(MethodInvocationHelper.java:139)
at org.testng.internal.invokers.TestInvoker.invokeMethod(TestInvoker.java:664)
at org.testng.internal.invokers.TestInvoker.invokeTestMethod(TestInvoker.java:227)
at org.testng.internal.invokers.MethodRunner.runInSequence(MethodRunner.java:50)
at org.testng.internal.invokers.TestInvoker$MethodInvocationAgent.invoke(TestInvoker.java:957)
at org.testng.internal.invokers.TestInvoker.invokeTestMethods(TestInvoker.java:200)
at org.testng.internal.invokers.TestMethodWorker.invokeTestMethods(TestMethodWorker.java:148)
at org.testng.internal.invokers.TestMethodWorker.run(TestMethodWorker.java:128)
at java.base/java.util.ArrayList.forEach(ArrayList.java:1511)
at org.testng.TestRunner.privateRun(TestRunner.java:848)
at org.testng.TestRunner.run(TestRunner.java:621)
at org.testng.SuiteRunner.runTest(SuiteRunner.java:443)
at org.testng.SuiteRunner$SuiteWorker.run(SuiteRunner.java:481)
at org.testng.internal.thread.ThreadUtil.lambda$execute$0(ThreadUtil.java:58)
at java.base/java.util.concurrent.FutureTask.run(FutureTask.java:264)
at java.base/java.util.concurrent.ThreadPoolExecutor.runWorker(ThreadPoolExecutor.java:1136)
at java.base/java.util.concurrent.ThreadPoolExecutor$Worker.run(ThreadPoolExecutor.java:635)
at java.base/java.lang.Thread.run(Thread.java:833)
Caused by: com.microsoft.playwright.TimeoutError: Error {
  message='Timeout 30000ms exceeded.
  name='TimeoutError
  stack='TimeoutError: Timeout 30000ms exceeded.
    at ProgressController.run (C:\Users\sbasi\AppData\Local\Temp\playwright-java-13637873755116915957\package\lib\server\progress.js:87:26)
    at Frame.fill (C:\Users\sbasi\AppData\Local\Temp\playwright-java-13637873755116915957\package\lib\server\frames.js:1039:23)
    at FrameDispatcher.fill (C:\Users\sbasi\AppData\Local\Temp\playwright-java-13637873755116915957\package\lib\server\dispatchers\frameDispatcher.js:164:30)
    at FrameDispatcher._handleCommand (C:\Users\sbasi\AppData\Local\Temp\playwright-java-13637873755116915957\package\lib\server\dispatchers\dispatcher.js:84:40)
    at DispatcherConnection.dispatch (C:\Users\sbasi\AppData\Local\Temp\playwright-java-13637873755116915957\package\lib\server\dispatchers\dispatcher.js:351:39)
}
Call log:
- waiting for locator("input[name='search']")

at com.microsoft.playwright.impl.Connection.dispatch(Connection.java:252)
at com.microsoft.playwright.impl.Connection.processOneMessage(Connection.java:209)
at com.microsoft.playwright.impl.ChannelOwner.runUntil(ChannelOwner.java:118)
... 34 more
]]>
    </failure>
  </testcase> <!-- searchTest -->
</testsuite> <!-- Luma Home Page Test_chrome -->
