<?xml version="1.0" encoding="UTF-8"?>
<testng-results ignored="0" total="8" passed="8" failed="0" skipped="0">
  <reporter-output>
  </reporter-output>
  <suite started-at="2024-02-05T14:25:27 IST" name="Luma Test Regression PW Suite" finished-at="2024-02-05T14:26:20 IST" duration-ms="53295">
    <groups>
    </groups>
    <test started-at="2024-02-05T14:25:27 IST" name="Luma Login Page Test_chrome" finished-at="2024-02-05T14:26:05 IST" duration-ms="38426">
      <class name="com.qa.luma.tests.LoginPageTest">
        <test-method is-config="true" signature="setup(java.lang.String)[pri:0, instance:com.qa.luma.tests.LoginPageTest@28cda624]" started-at="2024-02-05T14:25:27 IST" name="setup" finished-at="2024-02-05T14:25:40 IST" duration-ms="13715" status="PASS">
          <params>
            <param index="0">
              <value>
                <![CDATA[firefox]]>
              </value>
            </param>
          </params>
          <reporter-output>
          </reporter-output>
        </test-method> <!-- setup -->
        <test-method signature="loginPageNavigationTest()[pri:1, instance:com.qa.luma.tests.LoginPageTest@28cda624]" started-at="2024-02-05T14:25:40 IST" name="loginPageNavigationTest" finished-at="2024-02-05T14:26:00 IST" duration-ms="19654" status="PASS">
          <reporter-output>
          </reporter-output>
        </test-method> <!-- loginPageNavigationTest -->
        <test-method signature="forgotPwdLinkExistTest()[pri:2, instance:com.qa.luma.tests.LoginPageTest@28cda624]" started-at="2024-02-05T14:26:00 IST" name="forgotPwdLinkExistTest" finished-at="2024-02-05T14:26:00 IST" duration-ms="8" status="PASS">
          <reporter-output>
          </reporter-output>
        </test-method> <!-- forgotPwdLinkExistTest -->
        <test-method signature="appLoginTest()[pri:3, instance:com.qa.luma.tests.LoginPageTest@28cda624]" started-at="2024-02-05T14:26:00 IST" name="appLoginTest" finished-at="2024-02-05T14:26:03 IST" duration-ms="2886" status="PASS">
          <reporter-output>
          </reporter-output>
        </test-method> <!-- appLoginTest -->
        <test-method is-config="true" signature="tearDown()[pri:0, instance:com.qa.luma.tests.LoginPageTest@28cda624]" started-at="2024-02-05T14:26:04 IST" name="tearDown" finished-at="2024-02-05T14:26:05 IST" duration-ms="1464" status="PASS">
          <reporter-output>
          </reporter-output>
        </test-method> <!-- tearDown -->
      </class> <!-- com.qa.luma.tests.LoginPageTest -->
    </test> <!-- Luma Login Page Test_chrome -->
    <test started-at="2024-02-05T14:25:27 IST" name="Luma Home Page Test_chrome" finished-at="2024-02-05T14:26:20 IST" duration-ms="53295">
      <class name="com.qa.luma.tests.HomePageTest">
        <test-method is-config="true" signature="setup(java.lang.String)[pri:0, instance:com.qa.luma.tests.HomePageTest@2de56eb2]" started-at="2024-02-05T14:25:27 IST" name="setup" finished-at="2024-02-05T14:25:35 IST" duration-ms="8249" status="PASS">
          <params>
            <param index="0">
              <value>
                <![CDATA[chrome]]>
              </value>
            </param>
          </params>
          <reporter-output>
          </reporter-output>
        </test-method> <!-- setup -->
        <test-method signature="homePageTitleTest()[pri:0, instance:com.qa.luma.tests.HomePageTest@2de56eb2]" started-at="2024-02-05T14:25:35 IST" name="homePageTitleTest" finished-at="2024-02-05T14:25:35 IST" duration-ms="29" status="PASS">
          <reporter-output>
          </reporter-output>
        </test-method> <!-- homePageTitleTest -->
        <test-method signature="homePageURLTest()[pri:0, instance:com.qa.luma.tests.HomePageTest@2de56eb2]" started-at="2024-02-05T14:25:36 IST" name="homePageURLTest" finished-at="2024-02-05T14:25:36 IST" duration-ms="8" status="PASS">
          <reporter-output>
          </reporter-output>
        </test-method> <!-- homePageURLTest -->
        <test-method signature="searchTest(java.lang.String)[pri:0, instance:com.qa.luma.tests.HomePageTest@2de56eb2]" started-at="2024-02-05T14:25:37 IST" name="searchTest" data-provider="getProductData" finished-at="2024-02-05T14:25:50 IST" duration-ms="12269" status="PASS">
          <params>
            <param index="0">
              <value>
                <![CDATA[Marco Lightweight Active Hoodie]]>
              </value>
            </param>
          </params>
          <reporter-output>
          </reporter-output>
        </test-method> <!-- searchTest -->
        <test-method signature="searchTest(java.lang.String)[pri:0, instance:com.qa.luma.tests.HomePageTest@2de56eb2]" started-at="2024-02-05T14:25:52 IST" name="searchTest" data-provider="getProductData" finished-at="2024-02-05T14:26:03 IST" duration-ms="11115" status="PASS">
          <params>
            <param index="0">
              <value>
                <![CDATA[Fusion Backpack]]>
              </value>
            </param>
          </params>
          <reporter-output>
          </reporter-output>
        </test-method> <!-- searchTest -->
        <test-method signature="searchTest(java.lang.String)[pri:0, instance:com.qa.luma.tests.HomePageTest@2de56eb2]" started-at="2024-02-05T14:26:06 IST" name="searchTest" data-provider="getProductData" finished-at="2024-02-05T14:26:18 IST" duration-ms="11917" status="PASS">
          <params>
            <param index="0">
              <value>
                <![CDATA[Dash Digital Watch]]>
              </value>
            </param>
          </params>
          <reporter-output>
          </reporter-output>
        </test-method> <!-- searchTest -->
        <test-method is-config="true" signature="tearDown()[pri:0, instance:com.qa.luma.tests.HomePageTest@2de56eb2]" started-at="2024-02-05T14:26:19 IST" name="tearDown" finished-at="2024-02-05T14:26:20 IST" duration-ms="513" status="PASS">
          <reporter-output>
          </reporter-output>
        </test-method> <!-- tearDown -->
      </class> <!-- com.qa.luma.tests.HomePageTest -->
    </test> <!-- Luma Home Page Test_chrome -->
  </suite> <!-- Luma Test Regression PW Suite -->
</testng-results>
